<?xml version="1.0" encoding="UTF-8"?>
<!-- Generated by org.testng.reporters.JUnitReportReporter -->
<testsuite skipped="0" hostname="DESKTOP-7DNLS72" name="com.practice.test.HelloTest" tests="1" failures="0" timestamp="2025-01-24T00:32:27 IST" time="0.006" errors="0">
  <testcase name="m1" time="0.006" classname="com.practice.test.HelloTest"/>
  <system-out/>
</testsuite> <!-- com.practice.test.HelloTest -->
